2020-05-20 20:09:59,949 INFO o.a.j.u.JMeterUtils: Setting Locale to en_EN
2020-05-20 20:09:59,970 INFO o.a.j.JMeter: Loading user properties from: user.properties
2020-05-20 20:09:59,970 INFO o.a.j.JMeter: Loading system properties from: system.properties
2020-05-20 20:09:59,972 INFO o.a.j.JMeter: Copyright (c) 1998-2020 The Apache Software Foundation
2020-05-20 20:09:59,972 INFO o.a.j.JMeter: Version 5.3
2020-05-20 20:09:59,972 INFO o.a.j.JMeter: java.version=13
2020-05-20 20:09:59,973 INFO o.a.j.JMeter: java.vm.name=Java HotSpot(TM) 64-Bit Server VM
2020-05-20 20:09:59,973 INFO o.a.j.JMeter: os.name=Windows 10
2020-05-20 20:09:59,973 INFO o.a.j.JMeter: os.arch=amd64
2020-05-20 20:09:59,973 INFO o.a.j.JMeter: os.version=10.0
2020-05-20 20:09:59,973 INFO o.a.j.JMeter: file.encoding=Cp1252
2020-05-20 20:09:59,973 INFO o.a.j.JMeter: java.awt.headless=null
2020-05-20 20:09:59,973 INFO o.a.j.JMeter: Max memory     =1073741824
2020-05-20 20:09:59,973 INFO o.a.j.JMeter: Available Processors =8
2020-05-20 20:09:59,984 INFO o.a.j.JMeter: Default Locale=English (EN)
2020-05-20 20:09:59,985 INFO o.a.j.JMeter: JMeter  Locale=English (EN)
2020-05-20 20:09:59,985 INFO o.a.j.JMeter: JMeterHome=C:\Users\dan-g\Documents\Semestre6\Software Quality and Testing\Laboratories\Lab 10\apache-jmeter-5.3
2020-05-20 20:09:59,985 INFO o.a.j.JMeter: user.dir  =C:\Users\dan-g\Documents\Semestre6\Software Quality and Testing\Laboratories\Lab 10\apache-jmeter-5.3\bin
2020-05-20 20:09:59,986 INFO o.a.j.JMeter: PWD       =C:\Users\dan-g\Documents\Semestre6\Software Quality and Testing\Laboratories\Lab 10\apache-jmeter-5.3\bin
2020-05-20 20:09:59,988 INFO o.a.j.JMeter: IP: 192.168.100.7 Name: LAPTOP-EP79SFR6 FullName: LAPTOP-EP79SFR6
2020-05-20 20:10:00,097 INFO o.a.j.JMeter: Setting LAF to: com.github.weisj.darklaf.DarkLaf:com.github.weisj.darklaf.theme.DarculaTheme
2020-05-20 20:10:00,306 INFO o.a.j.JMeter: Loaded icon properties from org/apache/jmeter/images/icon.properties
2020-05-20 20:10:07,906 INFO o.a.j.s.FileServer: Default base='C:\Users\dan-g\Documents\Semestre6\Software Quality and Testing\Laboratories\Lab 10\apache-jmeter-5.3\bin'
2020-05-20 20:10:07,909 INFO o.a.j.g.a.Load: Loading file: C:\Users\dan-g\Documents\Semestre6\Software Quality and Testing\apache-jmeter-5.3\bin\Test Plan Lab 10.jmx
2020-05-20 20:10:07,910 INFO o.a.j.s.FileServer: Set new base='C:\Users\dan-g\Documents\Semestre6\Software Quality and Testing\apache-jmeter-5.3\bin'
2020-05-20 20:10:08,020 INFO o.a.j.s.SaveService: Testplan (JMX) version: 2.2. Testlog (JTL) version: 2.2
2020-05-20 20:10:08,031 INFO o.a.j.s.SaveService: Using SaveService properties version 5.0
2020-05-20 20:10:08,032 INFO o.a.j.s.SaveService: Using SaveService properties file encoding UTF-8
2020-05-20 20:10:08,033 INFO o.a.j.s.SaveService: Loading file: C:\Users\dan-g\Documents\Semestre6\Software Quality and Testing\apache-jmeter-5.3\bin\Test Plan Lab 10.jmx
2020-05-20 20:10:08,034 WARN o.a.j.g.a.Load: Error reading file. java.io.FileNotFoundException: C:\Users\dan-g\Documents\Semestre6\Software Quality and Testing\apache-jmeter-5.3\bin\Test Plan Lab 10.jmx (The system cannot find the path specified)
2020-05-20 20:10:19,449 INFO o.a.j.g.a.Load: Loading file: C:\Users\dan-g\Documents\Semestre6\Software Quality and Testing\Laboratories\Lab 10\apache-jmeter-5.3\bin\Test Plan Lab 10.jmx
2020-05-20 20:10:19,449 INFO o.a.j.s.FileServer: Set new base='C:\Users\dan-g\Documents\Semestre6\Software Quality and Testing\Laboratories\Lab 10\apache-jmeter-5.3\bin'
2020-05-20 20:10:19,449 INFO o.a.j.s.SaveService: Loading file: C:\Users\dan-g\Documents\Semestre6\Software Quality and Testing\Laboratories\Lab 10\apache-jmeter-5.3\bin\Test Plan Lab 10.jmx
2020-05-20 20:10:19,470 INFO o.a.j.p.h.s.HTTPSamplerBase: Parser for text/html is org.apache.jmeter.protocol.http.parser.LagartoBasedHtmlParser
2020-05-20 20:10:19,470 INFO o.a.j.p.h.s.HTTPSamplerBase: Parser for application/xhtml+xml is org.apache.jmeter.protocol.http.parser.LagartoBasedHtmlParser
2020-05-20 20:10:19,470 INFO o.a.j.p.h.s.HTTPSamplerBase: Parser for application/xml is org.apache.jmeter.protocol.http.parser.LagartoBasedHtmlParser
2020-05-20 20:10:19,471 INFO o.a.j.p.h.s.HTTPSamplerBase: Parser for text/xml is org.apache.jmeter.protocol.http.parser.LagartoBasedHtmlParser
2020-05-20 20:10:19,471 INFO o.a.j.p.h.s.HTTPSamplerBase: Parser for text/vnd.wap.wml is org.apache.jmeter.protocol.http.parser.RegexpHTMLParser
2020-05-20 20:10:19,471 INFO o.a.j.p.h.s.HTTPSamplerBase: Parser for text/css is org.apache.jmeter.protocol.http.parser.CssParser
2020-05-20 20:10:19,716 INFO o.a.j.e.KeyToolUtils: keytool found at 'keytool'
2020-05-20 20:10:19,717 INFO o.a.j.p.h.p.ProxyControl: HTTP(S) Test Script Recorder SSL Proxy will use keys that support embedded 3rd party resources in file C:\Users\dan-g\Documents\Semestre6\Software Quality and Testing\Laboratories\Lab 10\apache-jmeter-5.3\bin\proxyserver.jks
2020-05-20 20:10:19,953 INFO o.a.j.s.SampleResult: Note: Sample TimeStamps are START times
2020-05-20 20:10:19,953 INFO o.a.j.s.SampleResult: sampleresult.default.encoding is set to ISO-8859-1
2020-05-20 20:10:19,953 INFO o.a.j.s.SampleResult: sampleresult.useNanoTime=true
2020-05-20 20:10:19,953 INFO o.a.j.s.SampleResult: sampleresult.nanoThreadSleep=5000
2020-05-20 20:10:20,139 INFO o.a.j.v.ViewResultsFullVisualizer: Add JavaFX to your Java installation if you want to use renderer: org.apache.jmeter.visualizers.RenderInBrowser
2020-05-20 20:10:20,187 INFO o.a.j.s.FileServer: Set new base='C:\Users\dan-g\Documents\Semestre6\Software Quality and Testing\Laboratories\Lab 10\apache-jmeter-5.3\bin'
2020-05-20 20:10:27,244 INFO o.a.j.e.StandardJMeterEngine: Running the test!
2020-05-20 20:10:27,245 INFO o.a.j.s.SampleEvent: List of sample_variables: []
2020-05-20 20:10:27,245 INFO o.a.j.s.SampleEvent: List of sample_variables: []
2020-05-20 20:10:27,247 INFO o.a.j.e.u.CompoundVariable: Note: Function class names must contain the string: '.functions.'
2020-05-20 20:10:27,247 INFO o.a.j.e.u.CompoundVariable: Note: Function class names must not contain the string: '.gui.'
2020-05-20 20:10:27,494 INFO o.a.j.g.u.JMeterMenuBar: setRunning(true, *local*)
2020-05-20 20:10:27,524 INFO o.a.j.e.StandardJMeterEngine: Starting ThreadGroup: 1 : LoginUsers
2020-05-20 20:10:27,524 INFO o.a.j.e.StandardJMeterEngine: Starting 5 threads for group LoginUsers.
2020-05-20 20:10:27,525 INFO o.a.j.e.StandardJMeterEngine: Thread will continue on error
2020-05-20 20:10:27,525 INFO o.a.j.t.ThreadGroup: Starting thread group... number=1 threads=5 ramp-up=1 delayedStart=false
2020-05-20 20:10:27,540 INFO o.a.j.t.JMeterThread: Thread started: LoginUsers 1-1
2020-05-20 20:10:27,550 INFO o.a.j.t.ThreadGroup: Started thread group number 1
2020-05-20 20:10:27,550 INFO o.a.j.e.StandardJMeterEngine: All thread groups have been started
2020-05-20 20:10:27,563 INFO o.a.j.p.h.s.HTTPHCAbstractImpl: Local host = LAPTOP-EP79SFR6
2020-05-20 20:10:27,572 INFO o.a.j.p.h.s.HTTPHC4Impl: HTTP request retry count = 0
2020-05-20 20:10:27,747 INFO o.a.j.t.JMeterThread: Thread started: LoginUsers 1-2
2020-05-20 20:10:27,937 INFO o.a.j.t.JMeterThread: Thread started: LoginUsers 1-3
2020-05-20 20:10:28,133 INFO o.a.j.t.JMeterThread: Thread started: LoginUsers 1-4
2020-05-20 20:10:28,336 INFO o.a.j.t.JMeterThread: Thread started: LoginUsers 1-5
2020-05-20 20:10:29,475 INFO o.a.j.p.h.s.h.LazyLayeredConnectionSocketFactory: Setting up HTTPS TrustAll Socket Factory
2020-05-20 20:10:29,480 INFO o.a.j.u.JsseSSLManager: Using default SSL protocol: TLS
2020-05-20 20:10:29,481 INFO o.a.j.u.JsseSSLManager: SSL session context: per-thread
2020-05-20 20:10:29,578 INFO o.a.j.u.SSLManager: JmeterKeyStore Location:  type JKS
2020-05-20 20:10:29,581 INFO o.a.j.u.SSLManager: KeyStore created OK
2020-05-20 20:10:29,581 WARN o.a.j.u.SSLManager: Keystore file not found, loading empty keystore
2020-05-20 20:11:14,060 INFO o.a.j.t.JMeterThread: Thread is done: LoginUsers 1-2
2020-05-20 20:11:14,060 INFO o.a.j.t.JMeterThread: Thread finished: LoginUsers 1-2
2020-05-20 20:11:14,138 INFO o.a.j.t.JMeterThread: Thread is done: LoginUsers 1-1
2020-05-20 20:11:14,138 INFO o.a.j.t.JMeterThread: Thread finished: LoginUsers 1-1
2020-05-20 20:11:14,228 INFO o.a.j.t.JMeterThread: Thread is done: LoginUsers 1-3
2020-05-20 20:11:14,229 INFO o.a.j.t.JMeterThread: Thread finished: LoginUsers 1-3
2020-05-20 20:11:14,698 INFO o.a.j.t.JMeterThread: Thread is done: LoginUsers 1-4
2020-05-20 20:11:14,698 INFO o.a.j.t.JMeterThread: Thread finished: LoginUsers 1-4
2020-05-20 20:11:14,929 INFO o.a.j.t.JMeterThread: Thread is done: LoginUsers 1-5
2020-05-20 20:11:14,929 INFO o.a.j.t.JMeterThread: Thread finished: LoginUsers 1-5
2020-05-20 20:11:14,932 INFO o.a.j.e.StandardJMeterEngine: Notifying test listeners of end of test
2020-05-20 20:11:14,932 INFO o.a.j.g.u.JMeterMenuBar: setRunning(false, *local*)
